<?xml version="1.0" encoding="UTF-8"?>
<!-- Generated by org.testng.reporters.JUnitReportReporter -->
<testsuite skipped="0" hostname="hp" name="com.PractisePackage.ParameterTest" tests="1" failures="0" timestamp="2023-03-31T17:38:14 IST" time="0.014" errors="0">
  <testcase name="test" time="0.014" classname="com.PractisePackage.ParameterTest"/>
  <system-out/>
</testsuite> <!-- com.PractisePackage.ParameterTest -->
